09:59:02.654 [nRepl-session-d184cf4b-8df2-41bb-b430-ca913e195274] INFO  org.eclipse.jetty.util.log - Logging initialized @26247ms to org.eclipse.jetty.util.log.Slf4jLog
09:59:48.356 [nRepl-session-50b2cfa0-0bce-4da4-8e84-708affd95952] INFO  org.eclipse.jetty.util.log - Logging initialized @17417ms to org.eclipse.jetty.util.log.Slf4jLog
09:59:48.506 [nRepl-session-50b2cfa0-0bce-4da4-8e84-708affd95952] INFO  org.eclipse.jetty.server.Server - jetty-9.4.18.v20190429; built: 2019-04-29T20:42:08.989Z; git: e1bc35120a6617ee3df052294e433f3a25ce7097; jvm 1.8.0_232-b09
09:59:48.540 [nRepl-session-50b2cfa0-0bce-4da4-8e84-708affd95952] INFO  o.e.j.server.handler.ContextHandler - Started o.e.j.s.ServletContextHandler@3035ac4c{/,null,AVAILABLE}
09:59:48.570 [nRepl-session-50b2cfa0-0bce-4da4-8e84-708affd95952] INFO  o.e.jetty.server.AbstractConnector - Started ServerConnector@63c213a7{HTTP/1.1,[http/1.1, h2c]}{localhost:3000}
09:59:48.570 [nRepl-session-50b2cfa0-0bce-4da4-8e84-708affd95952] INFO  org.eclipse.jetty.server.Server - Started @17633ms
09:59:59.426 [qtp2068993115-37] INFO  io.pedestal.http - {:msg "GET /", :line 80}
09:59:59.431 [qtp2068993115-37] INFO  io.pedestal.http.cors - {:msg "cors request processing", :origin "", :allowed true, :line 84}
09:59:59.456 [qtp2068993115-37] INFO  io.pedestal.http.cors - {:msg "cors response processing", :cors-headers {"Access-Control-Allow-Origin" "", "Access-Control-Allow-Credentials" "true", "Access-Control-Expose-Headers" ""}, :line 111}
09:59:59.765 [qtp2068993115-32] INFO  io.pedestal.http - {:msg "GET /favicon.ico", :line 80}
09:59:59.766 [qtp2068993115-32] INFO  io.pedestal.http.cors - {:msg "cors request processing", :origin "", :allowed true, :line 84}
09:59:59.768 [qtp2068993115-32] INFO  io.pedestal.http.cors - {:msg "cors response processing", :cors-headers {"Access-Control-Allow-Origin" "", "Access-Control-Allow-Credentials" "true", "Access-Control-Expose-Headers" ""}, :line 111}
10:00:10.363 [qtp2068993115-36] INFO  io.pedestal.http - {:msg "GET /", :line 80}
10:00:10.364 [qtp2068993115-36] INFO  io.pedestal.http.cors - {:msg "cors request processing", :origin "", :allowed true, :line 84}
10:00:10.365 [qtp2068993115-36] INFO  io.pedestal.http.cors - {:msg "cors response processing", :cors-headers {"Access-Control-Allow-Origin" "", "Access-Control-Allow-Credentials" "true", "Access-Control-Expose-Headers" ""}, :line 111}
10:00:16.530 [qtp2068993115-34] INFO  io.pedestal.http - {:msg "GET /version", :line 80}
10:00:16.530 [qtp2068993115-34] INFO  io.pedestal.http.cors - {:msg "cors request processing", :origin "", :allowed true, :line 84}
10:00:16.536 [qtp2068993115-34] INFO  io.pedestal.http.cors - {:msg "cors response processing", :cors-headers {"Access-Control-Allow-Origin" "", "Access-Control-Allow-Credentials" "true", "Access-Control-Expose-Headers" "Strict-Transport-Security, X-Frame-Options, X-Content-Type-Options, X-Xss-Protection, X-Download-Options, X-Permitted-Cross-Domain-Policies, Content-Security-Policy, Content-Type"}, :line 111}
10:00:20.225 [qtp2068993115-36] INFO  io.pedestal.http - {:msg "GET /version", :line 80}
10:00:20.225 [qtp2068993115-36] INFO  io.pedestal.http.cors - {:msg "cors request processing", :origin "", :allowed true, :line 84}
10:00:20.227 [qtp2068993115-36] INFO  io.pedestal.http.cors - {:msg "cors response processing", :cors-headers {"Access-Control-Allow-Origin" "", "Access-Control-Allow-Credentials" "true", "Access-Control-Expose-Headers" "Strict-Transport-Security, X-Frame-Options, X-Content-Type-Options, X-Xss-Protection, X-Download-Options, X-Permitted-Cross-Domain-Policies, Content-Security-Policy, Content-Type"}, :line 111}
